{"time": "2026-01-27 15:58:07", "tower_id": "tower_1", "topic": "garden/tower_1/cmd/pump_ph_down", "event_type": "ACTION", "details": {"device": "pump_ph_down", "action": "DOSE"}}
{"time": "2026-01-27 15:58:07", "tower_id": "tower_1", "topic": "garden/tower_1/cmd/pump_ph_up", "event_type": "ACTION", "details": {"device": "pump_ph_up", "action": "OFF"}}
{"time": "2026-01-27 15:58:07", "tower_id": "tower_1", "topic": "garden/tower_1/cmd/nutrient_pump", "event_type": "ACTION", "details": {"device": "nutrient_pump", "action": "OFF"}}
{"time": "2026-01-27 15:58:07", "tower_id": "tower_1", "topic": "garden/tower_1/cmd/grow_light", "event_type": "ACTION", "details": {"device": "grow_light", "action": "ON"}}
{"time": "2026-01-27 15:58:07", "tower_id": "tower_1", "topic": "garden/tower_1/alerts", "event_type": "ALERT", "details": {"level": "WARNING", "message": "⚠️ tower_1 (lettuce): PH High (7.18 > 6.0)"}}
{"time": "2026-01-27 15:58:07", "tower_id": "tower_1", "topic": "garden/tower_1/alerts", "event_type": "ALERT", "details": {"level": "WARNING", "message": "⚠️ tower_1 (lettuce): EC High (2.29 > 1.2)"}}
{"time": "2026-01-27 15:58:07", "tower_id": "tower_2", "topic": "garden/tower_2/alerts", "event_type": "ALERT", "details": {"level": "WARNING", "message": "⚠️ tower_2 (spinach): PH Low (5.17 < 6.0)"}}
{"time": "2026-01-27 15:58:07", "tower_id": "tower_2", "topic": "garden/tower_2/alerts", "event_type": "ALERT", "details": {"level": "WARNING", "message": "⚠️ tower_2 (spinach): AIR_TEMPERATURE High (31.05 > 24)"}}
{"time": "2026-01-27 15:58:07", "tower_id": "tower_2", "topic": "garden/tower_2/cmd/cooling_fan", "event_type": "ACTION", "details": {"device": "cooling_fan", "action": "ON"}}
{"time": "2026-01-27 15:58:07", "tower_id": "tower_2", "topic": "garden/tower_2/cmd/pump_ph_up", "event_type": "ACTION", "details": {"device": "pump_ph_up", "action": "DOSE"}}
{"time": "2026-01-27 15:58:07", "tower_id": "tower_2", "topic": "garden/tower_2/alerts", "event_type": "ALERT", "details": {"level": "CRITICAL", "message": "Critical Temp: 31.05°C (Max: 24)"}}
{"time": "2026-01-27 15:58:07", "tower_id": "tower_2", "topic": "garden/tower_2/cmd/grow_light", "event_type": "ACTION", "details": {"device": "grow_light", "action": "ON"}}
{"time": "2026-01-27 15:58:07", "tower_id": "tower_2", "topic": "garden/tower_2/cmd/pump_ph_down", "event_type": "ACTION", "details": {"device": "pump_ph_down", "action": "OFF"}}
{"time": "2026-01-27 15:58:09", "tower_id": "tower_1", "topic": "garden/tower_1/cmd/nutrient_pump", "event_type": "ACTION", "details": {"device": "nutrient_pump", "action": "OFF"}}
{"time": "2026-01-27 15:58:11", "tower_id": "tower_1", "topic": "garden/tower_1/cmd/nutrient_pump", "event_type": "ACTION", "details": {"device": "nutrient_pump", "action": "OFF"}}
{"time": "2026-01-27 15:58:13", "tower_id": "tower_1", "topic": "garden/tower_1/cmd/pump_ph_down", "event_type": "ACTION", "details": {"device": "pump_ph_down", "action": "DOSE"}}
{"time": "2026-01-27 15:58:13", "tower_id": "tower_1", "topic": "garden/tower_1/cmd/nutrient_pump", "event_type": "ACTION", "details": {"device": "nutrient_pump", "action": "OFF"}}
{"time": "2026-01-27 15:58:13", "tower_id": "tower_1", "topic": "garden/tower_1/cmd/pump_ph_up", "event_type": "ACTION", "details": {"device": "pump_ph_up", "action": "OFF"}}
{"time": "2026-01-27 15:58:13", "tower_id": "tower_2", "topic": "garden/tower_2/cmd/pump_ph_up", "event_type": "ACTION", "details": {"device": "pump_ph_up", "action": "DOSE"}}
{"time": "2026-01-27 15:58:13", "tower_id": "tower_2", "topic": "garden/tower_2/cmd/pump_ph_down", "event_type": "ACTION", "details": {"device": "pump_ph_down", "action": "OFF"}}
{"time": "2026-01-27 15:58:15", "tower_id": "tower_1", "topic": "garden/tower_1/cmd/nutrient_pump", "event_type": "ACTION", "details": {"device": "nutrient_pump", "action": "OFF"}}
{"time": "2026-01-27 15:58:17", "tower_id": "tower_1", "topic": "garden/tower_1/cmd/nutrient_pump", "event_type": "ACTION", "details": {"device": "nutrient_pump", "action": "OFF"}}
{"time": "2026-01-27 15:58:19", "tower_id": "tower_1", "topic": "garden/tower_1/cmd/pump_ph_down", "event_type": "ACTION", "details": {"device": "pump_ph_down", "action": "DOSE"}}
{"time": "2026-01-27 15:58:19", "tower_id": "tower_1", "topic": "garden/tower_1/cmd/nutrient_pump", "event_type": "ACTION", "details": {"device": "nutrient_pump", "action": "OFF"}}
{"time": "2026-01-27 15:58:19", "tower_id": "tower_1", "topic": "garden/tower_1/cmd/pump_ph_up", "event_type": "ACTION", "details": {"device": "pump_ph_up", "action": "OFF"}}
{"time": "2026-01-27 15:58:19", "tower_id": "tower_2", "topic": "garden/tower_2/cmd/pump_ph_up", "event_type": "ACTION", "details": {"device": "pump_ph_up", "action": "DOSE"}}
{"time": "2026-01-27 15:58:19", "tower_id": "tower_2", "topic": "garden/tower_2/cmd/pump_ph_down", "event_type": "ACTION", "details": {"device": "pump_ph_down", "action": "OFF"}}
{"time": "2026-01-27 15:58:21", "tower_id": "tower_1", "topic": "garden/tower_1/cmd/nutrient_pump", "event_type": "ACTION", "details": {"device": "nutrient_pump", "action": "OFF"}}
{"time": "2026-01-27 15:58:23", "tower_id": "tower_1", "topic": "garden/tower_1/cmd/nutrient_pump", "event_type": "ACTION", "details": {"device": "nutrient_pump", "action": "OFF"}}
{"time": "2026-01-27 15:58:25", "tower_id": "tower_1", "topic": "garden/tower_1/cmd/pump_ph_down", "event_type": "ACTION", "details": {"device": "pump_ph_down", "action": "DOSE"}}
{"time": "2026-01-27 15:58:25", "tower_id": "tower_1", "topic": "garden/tower_1/cmd/nutrient_pump", "event_type": "ACTION", "details": {"device": "nutrient_pump", "action": "OFF"}}
{"time": "2026-01-27 15:58:25", "tower_id": "tower_1", "topic": "garden/tower_1/cmd/pump_ph_up", "event_type": "ACTION", "details": {"device": "pump_ph_up", "action": "OFF"}}
{"time": "2026-01-27 15:58:25", "tower_id": "tower_2", "topic": "garden/tower_2/cmd/pump_ph_up", "event_type": "ACTION", "details": {"device": "pump_ph_up", "action": "OFF"}}
{"time": "2026-01-27 15:58:25", "tower_id": "tower_2", "topic": "garden/tower_2/cmd/pump_ph_down", "event_type": "ACTION", "details": {"device": "pump_ph_down", "action": "OFF"}}
{"time": "2026-01-27 15:58:27", "tower_id": "tower_1", "topic": "garden/tower_1/cmd/nutrient_pump", "event_type": "ACTION", "details": {"device": "nutrient_pump", "action": "OFF"}}
{"time": "2026-01-27 15:58:29", "tower_id": "tower_1", "topic": "garden/tower_1/cmd/nutrient_pump", "event_type": "ACTION", "details": {"device": "nutrient_pump", "action": "OFF"}}
{"time": "2026-01-27 15:58:31", "tower_id": "tower_1", "topic": "garden/tower_1/cmd/pump_ph_down", "event_type": "ACTION", "details": {"device": "pump_ph_down", "action": "DOSE"}}
{"time": "2026-01-27 15:58:31", "tower_id": "tower_1", "topic": "garden/tower_1/cmd/nutrient_pump", "event_type": "ACTION", "details": {"device": "nutrient_pump", "action": "OFF"}}
{"time": "2026-01-27 15:58:31", "tower_id": "tower_1", "topic": "garden/tower_1/cmd/pump_ph_up", "event_type": "ACTION", "details": {"device": "pump_ph_up", "action": "OFF"}}
{"time": "2026-01-27 15:58:33", "tower_id": "tower_1", "topic": "garden/tower_1/cmd/pump_ph_up", "event_type": "ACTION", "details": {"device": "pump_ph_up", "action": "OFF"}}
{"time": "2026-01-27 15:58:33", "tower_id": "tower_1", "topic": "garden/tower_1/cmd/nutrient_pump", "event_type": "ACTION", "details": {"device": "nutrient_pump", "action": "OFF"}}
{"time": "2026-01-27 15:58:33", "tower_id": "tower_1", "topic": "garden/tower_1/cmd/pump_ph_down", "event_type": "ACTION", "details": {"device": "pump_ph_down", "action": "OFF"}}
{"time": "2026-01-27 15:58:35", "tower_id": "tower_1", "topic": "garden/tower_1/cmd/nutrient_pump", "event_type": "ACTION", "details": {"device": "nutrient_pump", "action": "OFF"}}
{"time": "2026-01-27 15:58:37", "tower_id": "tower_1", "topic": "garden/tower_1/alerts", "event_type": "ALERT", "details": {"level": "WARNING", "message": "⚠️ tower_1 (lettuce): EC High (2.21 > 1.2)"}}
{"time": "2026-01-27 15:58:37", "tower_id": "tower_1", "topic": "garden/tower_1/cmd/nutrient_pump", "event_type": "ACTION", "details": {"device": "nutrient_pump", "action": "OFF"}}
{"time": "2026-01-27 15:58:37", "tower_id": "tower_2", "topic": "garden/tower_2/alerts", "event_type": "ALERT", "details": {"level": "WARNING", "message": "⚠️ tower_2 (spinach): AIR_TEMPERATURE High (25.8 > 24)"}}
{"time": "2026-01-27 15:58:39", "tower_id": "tower_1", "topic": "garden/tower_1/cmd/nutrient_pump", "event_type": "ACTION", "details": {"device": "nutrient_pump", "action": "OFF"}}
{"time": "2026-01-27 15:58:41", "tower_id": "tower_1", "topic": "garden/tower_1/cmd/nutrient_pump", "event_type": "ACTION", "details": {"device": "nutrient_pump", "action": "OFF"}}
{"time": "2026-01-27 15:58:43", "tower_id": "tower_1", "topic": "garden/tower_1/cmd/nutrient_pump", "event_type": "ACTION", "details": {"device": "nutrient_pump", "action": "OFF"}}
{"time": "2026-01-27 15:58:45", "tower_id": "tower_1", "topic": "garden/tower_1/cmd/nutrient_pump", "event_type": "ACTION", "details": {"device": "nutrient_pump", "action": "OFF"}}
{"time": "2026-01-27 15:58:47", "tower_id": "tower_1", "topic": "garden/tower_1/alerts", "event_type": "ALERT", "details": {"level": "WARNING", "message": "⚠️ tower_1 (lettuce): AIR_TEMPERATURE High (28.05 > 28)"}}
{"time": "2026-01-27 15:58:47", "tower_id": "tower_1", "topic": "garden/tower_1/cmd/nutrient_pump", "event_type": "ACTION", "details": {"device": "nutrient_pump", "action": "OFF"}}
{"time": "2026-01-27 15:58:47", "tower_id": "tower_1", "topic": "garden/tower_1/cmd/cooling_fan", "event_type": "ACTION", "details": {"device": "cooling_fan", "action": "ON"}}
{"time": "2026-01-27 15:58:49", "tower_id": "tower_1", "topic": "garden/tower_1/cmd/nutrient_pump", "event_type": "ACTION", "details": {"device": "nutrient_pump", "action": "OFF"}}
{"time": "2026-01-27 15:58:51", "tower_id": "tower_1", "topic": "garden/tower_1/cmd/nutrient_pump", "event_type": "ACTION", "details": {"device": "nutrient_pump", "action": "OFF"}}
{"time": "2026-01-27 15:58:53", "tower_id": "tower_1", "topic": "garden/tower_1/cmd/nutrient_pump", "event_type": "ACTION", "details": {"device": "nutrient_pump", "action": "OFF"}}
{"time": "2026-01-27 15:58:55", "tower_id": "tower_1", "topic": "garden/tower_1/cmd/nutrient_pump", "event_type": "ACTION", "details": {"device": "nutrient_pump", "action": "OFF"}}
{"time": "2026-01-27 15:58:57", "tower_id": "tower_1", "topic": "garden/tower_1/cmd/nutrient_pump", "event_type": "ACTION", "details": {"device": "nutrient_pump", "action": "OFF"}}
{"time": "2026-01-27 15:58:59", "tower_id": "tower_1", "topic": "garden/tower_1/cmd/nutrient_pump", "event_type": "ACTION", "details": {"device": "nutrient_pump", "action": "OFF"}}
{"time": "2026-01-27 15:58:59", "tower_id": "tower_1", "topic": "garden/tower_1/cmd/cooling_fan", "event_type": "ACTION", "details": {"device": "cooling_fan", "action": "OFF"}}
{"time": "2026-01-27 15:58:59", "tower_id": "tower_2", "topic": "garden/tower_2/cmd/cooling_fan", "event_type": "ACTION", "details": {"device": "cooling_fan", "action": "OFF"}}
{"time": "2026-01-27 15:59:01", "tower_id": "tower_1", "topic": "garden/tower_1/cmd/nutrient_pump", "event_type": "ACTION", "details": {"device": "nutrient_pump", "action": "OFF"}}
{"time": "2026-01-27 15:59:03", "tower_id": "tower_1", "topic": "garden/tower_1/cmd/nutrient_pump", "event_type": "ACTION", "details": {"device": "nutrient_pump", "action": "OFF"}}
{"time": "2026-01-27 15:59:05", "tower_id": "tower_1", "topic": "garden/tower_1/cmd/nutrient_pump", "event_type": "ACTION", "details": {"device": "nutrient_pump", "action": "OFF"}}
{"time": "2026-01-27 15:59:07", "tower_id": "tower_1", "topic": "garden/tower_1/alerts", "event_type": "ALERT", "details": {"level": "WARNING", "message": "⚠️ tower_1 (lettuce): EC High (2.14 > 1.2)"}}
{"time": "2026-01-27 15:59:07", "tower_id": "tower_1", "topic": "garden/tower_1/cmd/nutrient_pump", "event_type": "ACTION", "details": {"device": "nutrient_pump", "action": "OFF"}}
{"time": "2026-01-27 15:59:09", "tower_id": "tower_1", "topic": "garden/tower_1/cmd/nutrient_pump", "event_type": "ACTION", "details": {"device": "nutrient_pump", "action": "OFF"}}
{"time": "2026-01-27 15:59:11", "tower_id": "tower_1", "topic": "garden/tower_1/cmd/nutrient_pump", "event_type": "ACTION", "details": {"device": "nutrient_pump", "action": "OFF"}}
{"time": "2026-01-27 15:59:13", "tower_id": "tower_1", "topic": "garden/tower_1/cmd/nutrient_pump", "event_type": "ACTION", "details": {"device": "nutrient_pump", "action": "OFF"}}
{"time": "2026-01-27 15:59:15", "tower_id": "tower_1", "topic": "garden/tower_1/cmd/nutrient_pump", "event_type": "ACTION", "details": {"device": "nutrient_pump", "action": "OFF"}}
{"time": "2026-01-27 15:59:17", "tower_id": "tower_1", "topic": "garden/tower_1/cmd/nutrient_pump", "event_type": "ACTION", "details": {"device": "nutrient_pump", "action": "OFF"}}
{"time": "2026-01-27 15:59:19", "tower_id": "tower_1", "topic": "garden/tower_1/cmd/nutrient_pump", "event_type": "ACTION", "details": {"device": "nutrient_pump", "action": "OFF"}}
{"time": "2026-01-27 15:59:21", "tower_id": "tower_1", "topic": "garden/tower_1/cmd/nutrient_pump", "event_type": "ACTION", "details": {"device": "nutrient_pump", "action": "OFF"}}
{"time": "2026-01-27 15:59:23", "tower_id": "tower_1", "topic": "garden/tower_1/cmd/nutrient_pump", "event_type": "ACTION", "details": {"device": "nutrient_pump", "action": "OFF"}}
{"time": "2026-01-27 15:59:25", "tower_id": "tower_1", "topic": "garden/tower_1/cmd/nutrient_pump", "event_type": "ACTION", "details": {"device": "nutrient_pump", "action": "OFF"}}
{"time": "2026-01-27 15:59:27", "tower_id": "tower_1", "topic": "garden/tower_1/cmd/nutrient_pump", "event_type": "ACTION", "details": {"device": "nutrient_pump", "action": "OFF"}}
{"time": "2026-01-27 15:59:29", "tower_id": "tower_1", "topic": "garden/tower_1/cmd/nutrient_pump", "event_type": "ACTION", "details": {"device": "nutrient_pump", "action": "OFF"}}
{"time": "2026-01-27 15:59:31", "tower_id": "tower_1", "topic": "garden/tower_1/cmd/nutrient_pump", "event_type": "ACTION", "details": {"device": "nutrient_pump", "action": "OFF"}}
{"time": "2026-01-27 15:59:33", "tower_id": "tower_1", "topic": "garden/tower_1/cmd/nutrient_pump", "event_type": "ACTION", "details": {"device": "nutrient_pump", "action": "OFF"}}
{"time": "2026-01-27 15:59:35", "tower_id": "tower_1", "topic": "garden/tower_1/cmd/nutrient_pump", "event_type": "ACTION", "details": {"device": "nutrient_pump", "action": "OFF"}}
{"time": "2026-01-27 15:59:37", "tower_id": "tower_1", "topic": "garden/tower_1/alerts", "event_type": "ALERT", "details": {"level": "WARNING", "message": "⚠️ tower_1 (lettuce): EC High (2.06 > 1.2)"}}
{"time": "2026-01-27 15:59:37", "tower_id": "tower_1", "topic": "garden/tower_1/cmd/nutrient_pump", "event_type": "ACTION", "details": {"device": "nutrient_pump", "action": "OFF"}}
{"time": "2026-01-27 15:59:39", "tower_id": "tower_1", "topic": "garden/tower_1/cmd/nutrient_pump", "event_type": "ACTION", "details": {"device": "nutrient_pump", "action": "OFF"}}
{"time": "2026-01-27 15:59:41", "tower_id": "tower_1", "topic": "garden/tower_1/cmd/nutrient_pump", "event_type": "ACTION", "details": {"device": "nutrient_pump", "action": "OFF"}}
{"time": "2026-01-27 15:59:43", "tower_id": "tower_1", "topic": "garden/tower_1/cmd/nutrient_pump", "event_type": "ACTION", "details": {"device": "nutrient_pump", "action": "OFF"}}
{"time": "2026-01-27 15:59:45", "tower_id": "tower_1", "topic": "garden/tower_1/cmd/nutrient_pump", "event_type": "ACTION", "details": {"device": "nutrient_pump", "action": "OFF"}}
{"time": "2026-01-27 15:59:47", "tower_id": "tower_1", "topic": "garden/tower_1/cmd/nutrient_pump", "event_type": "ACTION", "details": {"device": "nutrient_pump", "action": "OFF"}}
{"time": "2026-01-27 15:59:49", "tower_id": "tower_1", "topic": "garden/tower_1/cmd/nutrient_pump", "event_type": "ACTION", "details": {"device": "nutrient_pump", "action": "OFF"}}
{"time": "2026-01-27 15:59:51", "tower_id": "tower_1", "topic": "garden/tower_1/cmd/nutrient_pump", "event_type": "ACTION", "details": {"device": "nutrient_pump", "action": "OFF"}}
{"time": "2026-01-27 15:59:53", "tower_id": "tower_1", "topic": "garden/tower_1/cmd/nutrient_pump", "event_type": "ACTION", "details": {"device": "nutrient_pump", "action": "OFF"}}
{"time": "2026-01-27 15:59:55", "tower_id": "tower_1", "topic": "garden/tower_1/cmd/nutrient_pump", "event_type": "ACTION", "details": {"device": "nutrient_pump", "action": "OFF"}}
{"time": "2026-01-27 15:59:57", "tower_id": "tower_1", "topic": "garden/tower_1/cmd/nutrient_pump", "event_type": "ACTION", "details": {"device": "nutrient_pump", "action": "OFF"}}
{"time": "2026-01-27 15:59:59", "tower_id": "tower_1", "topic": "garden/tower_1/cmd/nutrient_pump", "event_type": "ACTION", "details": {"device": "nutrient_pump", "action": "OFF"}}
{"time": "2026-01-27 16:00:01", "tower_id": "tower_1", "topic": "garden/tower_1/cmd/nutrient_pump", "event_type": "ACTION", "details": {"device": "nutrient_pump", "action": "OFF"}}
{"time": "2026-01-27 16:00:03", "tower_id": "tower_1", "topic": "garden/tower_1/cmd/nutrient_pump", "event_type": "ACTION", "details": {"device": "nutrient_pump", "action": "OFF"}}
{"time": "2026-01-27 16:00:05", "tower_id": "tower_1", "topic": "garden/tower_1/cmd/nutrient_pump", "event_type": "ACTION", "details": {"device": "nutrient_pump", "action": "OFF"}}
{"time": "2026-01-27 16:00:07", "tower_id": "tower_1", "topic": "garden/tower_1/alerts", "event_type": "ALERT", "details": {"level": "WARNING", "message": "⚠️ tower_1 (lettuce): EC High (1.99 > 1.2)"}}
{"time": "2026-01-27 16:00:07", "tower_id": "tower_1", "topic": "garden/tower_1/cmd/nutrient_pump", "event_type": "ACTION", "details": {"device": "nutrient_pump", "action": "OFF"}}
{"time": "2026-01-27 16:00:09", "tower_id": "tower_1", "topic": "garden/tower_1/cmd/nutrient_pump", "event_type": "ACTION", "details": {"device": "nutrient_pump", "action": "OFF"}}
{"time": "2026-01-27 16:00:11", "tower_id": "tower_1", "topic": "garden/tower_1/alerts", "event_type": "ALERT", "details": {"level": "WARNING", "message": "⚠️ tower_1 (lettuce): PH High (6.01 > 6.0)"}}
{"time": "2026-01-27 16:00:11", "tower_id": "tower_1", "topic": "garden/tower_1/cmd/pump_ph_down", "event_type": "ACTION", "details": {"device": "pump_ph_down", "action": "DOSE"}}
{"time": "2026-01-27 16:00:11", "tower_id": "tower_1", "topic": "garden/tower_1/cmd/nutrient_pump", "event_type": "ACTION", "details": {"device": "nutrient_pump", "action": "OFF"}}
{"time": "2026-01-27 16:00:11", "tower_id": "tower_1", "topic": "garden/tower_1/cmd/pump_ph_up", "event_type": "ACTION", "details": {"device": "pump_ph_up", "action": "OFF"}}
{"time": "2026-01-27 16:00:13", "tower_id": "tower_1", "topic": "garden/tower_1/cmd/pump_ph_up", "event_type": "ACTION", "details": {"device": "pump_ph_up", "action": "OFF"}}
{"time": "2026-01-27 16:00:13", "tower_id": "tower_1", "topic": "garden/tower_1/cmd/nutrient_pump", "event_type": "ACTION", "details": {"device": "nutrient_pump", "action": "OFF"}}
{"time": "2026-01-27 16:00:13", "tower_id": "tower_1", "topic": "garden/tower_1/cmd/pump_ph_down", "event_type": "ACTION", "details": {"device": "pump_ph_down", "action": "OFF"}}
{"time": "2026-01-27 16:00:15", "tower_id": "tower_1", "topic": "garden/tower_1/cmd/nutrient_pump", "event_type": "ACTION", "details": {"device": "nutrient_pump", "action": "OFF"}}
{"time": "2026-01-27 16:00:17", "tower_id": "tower_1", "topic": "garden/tower_1/cmd/nutrient_pump", "event_type": "ACTION", "details": {"device": "nutrient_pump", "action": "OFF"}}
{"time": "2026-01-27 16:00:19", "tower_id": "tower_1", "topic": "garden/tower_1/cmd/nutrient_pump", "event_type": "ACTION", "details": {"device": "nutrient_pump", "action": "OFF"}}
{"time": "2026-01-27 16:00:21", "tower_id": "tower_1", "topic": "garden/tower_1/cmd/nutrient_pump", "event_type": "ACTION", "details": {"device": "nutrient_pump", "action": "OFF"}}
{"time": "2026-01-27 16:00:23", "tower_id": "tower_1", "topic": "garden/tower_1/cmd/cooling_fan", "event_type": "ACTION", "details": {"device": "cooling_fan", "action": "ON"}}
{"time": "2026-01-27 16:00:23", "tower_id": "tower_1", "topic": "garden/tower_1/alerts", "event_type": "ALERT", "details": {"level": "WARNING", "message": "⚠️ tower_1 (lettuce): AIR_TEMPERATURE High (28.05 > 28)"}}
{"time": "2026-01-27 16:00:23", "tower_id": "tower_1", "topic": "garden/tower_1/cmd/nutrient_pump", "event_type": "ACTION", "details": {"device": "nutrient_pump", "action": "OFF"}}
{"time": "2026-01-27 16:00:24", "tower_id": "tower_2", "topic": "garden/tower_2/alerts", "event_type": "ALERT", "details": {"level": "WARNING", "message": "⚠️ tower_2 (spinach): AIR_TEMPERATURE High (24.05 > 24)"}}
{"time": "2026-01-27 16:00:24", "tower_id": "tower_2", "topic": "garden/tower_2/cmd/cooling_fan", "event_type": "ACTION", "details": {"device": "cooling_fan", "action": "ON"}}
{"time": "2026-01-27 16:00:25", "tower_id": "tower_1", "topic": "garden/tower_1/cmd/nutrient_pump", "event_type": "ACTION", "details": {"device": "nutrient_pump", "action": "OFF"}}
{"time": "2026-01-27 16:00:27", "tower_id": "tower_1", "topic": "garden/tower_1/cmd/nutrient_pump", "event_type": "ACTION", "details": {"device": "nutrient_pump", "action": "OFF"}}
{"time": "2026-01-27 16:00:29", "tower_id": "tower_1", "topic": "garden/tower_1/cmd/nutrient_pump", "event_type": "ACTION", "details": {"device": "nutrient_pump", "action": "OFF"}}
{"time": "2026-01-27 16:00:31", "tower_id": "tower_1", "topic": "garden/tower_1/cmd/nutrient_pump", "event_type": "ACTION", "details": {"device": "nutrient_pump", "action": "OFF"}}
{"time": "2026-01-27 16:00:33", "tower_id": "tower_1", "topic": "garden/tower_1/cmd/nutrient_pump", "event_type": "ACTION", "details": {"device": "nutrient_pump", "action": "OFF"}}
{"time": "2026-01-27 16:00:35", "tower_id": "tower_1", "topic": "garden/tower_1/cmd/nutrient_pump", "event_type": "ACTION", "details": {"device": "nutrient_pump", "action": "OFF"}}
{"time": "2026-01-27 16:00:35", "tower_id": "tower_1", "topic": "garden/tower_1/cmd/cooling_fan", "event_type": "ACTION", "details": {"device": "cooling_fan", "action": "OFF"}}
{"time": "2026-01-27 16:00:36", "tower_id": "tower_2", "topic": "garden/tower_2/cmd/cooling_fan", "event_type": "ACTION", "details": {"device": "cooling_fan", "action": "OFF"}}
{"time": "2026-01-27 16:00:37", "tower_id": "tower_1", "topic": "garden/tower_1/alerts", "event_type": "ALERT", "details": {"level": "WARNING", "message": "⚠️ tower_1 (lettuce): EC High (1.91 > 1.2)"}}
{"time": "2026-01-27 16:00:37", "tower_id": "tower_1", "topic": "garden/tower_1/cmd/nutrient_pump", "event_type": "ACTION", "details": {"device": "nutrient_pump", "action": "OFF"}}
{"time": "2026-01-27 16:00:39", "tower_id": "tower_1", "topic": "garden/tower_1/cmd/nutrient_pump", "event_type": "ACTION", "details": {"device": "nutrient_pump", "action": "OFF"}}
{"time": "2026-01-27 16:00:41", "tower_id": "tower_1", "topic": "garden/tower_1/cmd/nutrient_pump", "event_type": "ACTION", "details": {"device": "nutrient_pump", "action": "OFF"}}
{"time": "2026-01-27 16:00:43", "tower_id": "tower_1", "topic": "garden/tower_1/cmd/nutrient_pump", "event_type": "ACTION", "details": {"device": "nutrient_pump", "action": "OFF"}}
{"time": "2026-01-27 16:00:45", "tower_id": "tower_1", "topic": "garden/tower_1/cmd/nutrient_pump", "event_type": "ACTION", "details": {"device": "nutrient_pump", "action": "OFF"}}
{"time": "2026-01-27 16:00:47", "tower_id": "tower_1", "topic": "garden/tower_1/cmd/nutrient_pump", "event_type": "ACTION", "details": {"device": "nutrient_pump", "action": "OFF"}}
{"time": "2026-01-27 16:00:49", "tower_id": "tower_1", "topic": "garden/tower_1/cmd/nutrient_pump", "event_type": "ACTION", "details": {"device": "nutrient_pump", "action": "OFF"}}
{"time": "2026-01-27 16:00:50", "tower_id": "tower_2", "topic": "garden/tower_2/alerts", "event_type": "ALERT", "details": {"level": "WARNING", "message": "⚠️ tower_2 (spinach): EC Low (1.79 < 1.8)"}}
{"time": "2026-01-27 16:00:50", "tower_id": "tower_2", "topic": "garden/tower_2/cmd/nutrient_pump", "event_type": "ACTION", "details": {"device": "nutrient_pump", "action": "ON"}}
{"time": "2026-01-27 16:00:51", "tower_id": "tower_1", "topic": "garden/tower_1/cmd/nutrient_pump", "event_type": "ACTION", "details": {"device": "nutrient_pump", "action": "OFF"}}
{"time": "2026-01-27 16:00:53", "tower_id": "tower_1", "topic": "garden/tower_1/cmd/nutrient_pump", "event_type": "ACTION", "details": {"device": "nutrient_pump", "action": "OFF"}}
{"time": "2026-01-27 16:00:54", "tower_id": "tower_2", "topic": "garden/tower_2/cmd/nutrient_pump", "event_type": "ACTION", "details": {"device": "nutrient_pump", "action": "OFF"}}
{"time": "2026-01-27 16:00:55", "tower_id": "tower_1", "topic": "garden/tower_1/cmd/nutrient_pump", "event_type": "ACTION", "details": {"device": "nutrient_pump", "action": "OFF"}}
{"time": "2026-01-27 16:00:57", "tower_id": "tower_1", "topic": "garden/tower_1/cmd/nutrient_pump", "event_type": "ACTION", "details": {"device": "nutrient_pump", "action": "OFF"}}
{"time": "2026-01-27 16:01:00", "tower_id": "tower_1", "topic": "garden/tower_1/cmd/nutrient_pump", "event_type": "ACTION", "details": {"device": "nutrient_pump", "action": "OFF"}}
{"time": "2026-01-27 16:01:02", "tower_id": "tower_1", "topic": "garden/tower_1/cmd/nutrient_pump", "event_type": "ACTION", "details": {"device": "nutrient_pump", "action": "OFF"}}
{"time": "2026-01-27 16:01:04", "tower_id": "tower_1", "topic": "garden/tower_1/cmd/nutrient_pump", "event_type": "ACTION", "details": {"device": "nutrient_pump", "action": "OFF"}}
{"time": "2026-01-27 16:01:06", "tower_id": "tower_1", "topic": "garden/tower_1/cmd/nutrient_pump", "event_type": "ACTION", "details": {"device": "nutrient_pump", "action": "OFF"}}
{"time": "2026-01-27 16:01:08", "tower_id": "tower_1", "topic": "garden/tower_1/alerts", "event_type": "ALERT", "details": {"level": "WARNING", "message": "⚠️ tower_1 (lettuce): EC High (1.84 > 1.2)"}}
{"time": "2026-01-27 16:01:08", "tower_id": "tower_1", "topic": "garden/tower_1/cmd/nutrient_pump", "event_type": "ACTION", "details": {"device": "nutrient_pump", "action": "OFF"}}
{"time": "2026-01-27 16:01:10", "tower_id": "tower_1", "topic": "garden/tower_1/cmd/nutrient_pump", "event_type": "ACTION", "details": {"device": "nutrient_pump", "action": "OFF"}}
{"time": "2026-01-27 16:01:12", "tower_id": "tower_1", "topic": "garden/tower_1/cmd/nutrient_pump", "event_type": "ACTION", "details": {"device": "nutrient_pump", "action": "OFF"}}
{"time": "2026-01-27 16:01:14", "tower_id": "tower_1", "topic": "garden/tower_1/cmd/nutrient_pump", "event_type": "ACTION", "details": {"device": "nutrient_pump", "action": "OFF"}}
{"time": "2026-01-27 16:01:16", "tower_id": "tower_1", "topic": "garden/tower_1/cmd/nutrient_pump", "event_type": "ACTION", "details": {"device": "nutrient_pump", "action": "OFF"}}
{"time": "2026-01-27 16:01:18", "tower_id": "tower_1", "topic": "garden/tower_1/cmd/nutrient_pump", "event_type": "ACTION", "details": {"device": "nutrient_pump", "action": "OFF"}}
{"time": "2026-01-27 16:01:20", "tower_id": "tower_1", "topic": "garden/tower_1/cmd/nutrient_pump", "event_type": "ACTION", "details": {"device": "nutrient_pump", "action": "OFF"}}
{"time": "2026-01-27 16:01:22", "tower_id": "tower_1", "topic": "garden/tower_1/cmd/nutrient_pump", "event_type": "ACTION", "details": {"device": "nutrient_pump", "action": "OFF"}}
{"time": "2026-01-27 16:01:24", "tower_id": "tower_1", "topic": "garden/tower_1/cmd/nutrient_pump", "event_type": "ACTION", "details": {"device": "nutrient_pump", "action": "OFF"}}
{"time": "2026-01-27 16:01:26", "tower_id": "tower_1", "topic": "garden/tower_1/cmd/nutrient_pump", "event_type": "ACTION", "details": {"device": "nutrient_pump", "action": "OFF"}}
{"time": "2026-01-27 16:01:28", "tower_id": "tower_1", "topic": "garden/tower_1/cmd/nutrient_pump", "event_type": "ACTION", "details": {"device": "nutrient_pump", "action": "OFF"}}
{"time": "2026-01-27 16:01:30", "tower_id": "tower_1", "topic": "garden/tower_1/cmd/nutrient_pump", "event_type": "ACTION", "details": {"device": "nutrient_pump", "action": "OFF"}}
{"time": "2026-01-27 16:01:32", "tower_id": "tower_1", "topic": "garden/tower_1/cmd/nutrient_pump", "event_type": "ACTION", "details": {"device": "nutrient_pump", "action": "OFF"}}
{"time": "2026-01-27 16:01:34", "tower_id": "tower_1", "topic": "garden/tower_1/cmd/nutrient_pump", "event_type": "ACTION", "details": {"device": "nutrient_pump", "action": "OFF"}}
{"time": "2026-01-27 16:01:36", "tower_id": "tower_1", "topic": "garden/tower_1/cmd/nutrient_pump", "event_type": "ACTION", "details": {"device": "nutrient_pump", "action": "OFF"}}
{"time": "2026-01-27 16:01:38", "tower_id": "tower_1", "topic": "garden/tower_1/alerts", "event_type": "ALERT", "details": {"level": "WARNING", "message": "⚠️ tower_1 (lettuce): EC High (1.76 > 1.2)"}}
{"time": "2026-01-27 16:01:38", "tower_id": "tower_1", "topic": "garden/tower_1/cmd/nutrient_pump", "event_type": "ACTION", "details": {"device": "nutrient_pump", "action": "OFF"}}
{"time": "2026-01-27 16:01:40", "tower_id": "tower_1", "topic": "garden/tower_1/cmd/nutrient_pump", "event_type": "ACTION", "details": {"device": "nutrient_pump", "action": "OFF"}}
{"time": "2026-01-27 16:01:42", "tower_id": "tower_1", "topic": "garden/tower_1/cmd/nutrient_pump", "event_type": "ACTION", "details": {"device": "nutrient_pump", "action": "OFF"}}
{"time": "2026-01-27 16:01:44", "tower_id": "tower_1", "topic": "garden/tower_1/cmd/nutrient_pump", "event_type": "ACTION", "details": {"device": "nutrient_pump", "action": "OFF"}}
{"time": "2026-01-27 16:01:46", "tower_id": "tower_1", "topic": "garden/tower_1/cmd/nutrient_pump", "event_type": "ACTION", "details": {"device": "nutrient_pump", "action": "OFF"}}
{"time": "2026-01-27 16:01:48", "tower_id": "tower_1", "topic": "garden/tower_1/cmd/nutrient_pump", "event_type": "ACTION", "details": {"device": "nutrient_pump", "action": "OFF"}}
{"time": "2026-01-27 16:01:50", "tower_id": "tower_1", "topic": "garden/tower_1/cmd/nutrient_pump", "event_type": "ACTION", "details": {"device": "nutrient_pump", "action": "OFF"}}
{"time": "2026-01-27 16:01:52", "tower_id": "tower_1", "topic": "garden/tower_1/alerts", "event_type": "ALERT", "details": {"level": "WARNING", "message": "⚠️ tower_1 (lettuce): PH High (6.01 > 6.0)"}}
{"time": "2026-01-27 16:01:52", "tower_id": "tower_1", "topic": "garden/tower_1/cmd/pump_ph_down", "event_type": "ACTION", "details": {"device": "pump_ph_down", "action": "DOSE"}}
{"time": "2026-01-27 16:01:52", "tower_id": "tower_1", "topic": "garden/tower_1/cmd/nutrient_pump", "event_type": "ACTION", "details": {"device": "nutrient_pump", "action": "OFF"}}
{"time": "2026-01-27 16:01:52", "tower_id": "tower_1", "topic": "garden/tower_1/cmd/pump_ph_up", "event_type": "ACTION", "details": {"device": "pump_ph_up", "action": "OFF"}}
{"time": "2026-01-27 16:01:54", "tower_id": "tower_1", "topic": "garden/tower_1/cmd/pump_ph_up", "event_type": "ACTION", "details": {"device": "pump_ph_up", "action": "OFF"}}
{"time": "2026-01-27 16:01:54", "tower_id": "tower_1", "topic": "garden/tower_1/cmd/nutrient_pump", "event_type": "ACTION", "details": {"device": "nutrient_pump", "action": "OFF"}}
{"time": "2026-01-27 16:01:54", "tower_id": "tower_1", "topic": "garden/tower_1/cmd/pump_ph_down", "event_type": "ACTION", "details": {"device": "pump_ph_down", "action": "OFF"}}
{"time": "2026-01-27 16:01:56", "tower_id": "tower_1", "topic": "garden/tower_1/cmd/nutrient_pump", "event_type": "ACTION", "details": {"device": "nutrient_pump", "action": "OFF"}}
{"time": "2026-01-27 16:01:58", "tower_id": "tower_1", "topic": "garden/tower_1/cmd/nutrient_pump", "event_type": "ACTION", "details": {"device": "nutrient_pump", "action": "OFF"}}
{"time": "2026-01-27 16:02:00", "tower_id": "tower_1", "topic": "garden/tower_1/alerts", "event_type": "ALERT", "details": {"level": "WARNING", "message": "⚠️ tower_1 (lettuce): AIR_TEMPERATURE High (28.05 > 28)"}}
{"time": "2026-01-27 16:02:00", "tower_id": "tower_1", "topic": "garden/tower_1/cmd/nutrient_pump", "event_type": "ACTION", "details": {"device": "nutrient_pump", "action": "OFF"}}
{"time": "2026-01-27 16:02:00", "tower_id": "tower_1", "topic": "garden/tower_1/cmd/cooling_fan", "event_type": "ACTION", "details": {"device": "cooling_fan", "action": "ON"}}
{"time": "2026-01-27 16:02:00", "tower_id": "tower_2", "topic": "garden/tower_2/alerts", "event_type": "ALERT", "details": {"level": "WARNING", "message": "⚠️ tower_2 (spinach): AIR_TEMPERATURE High (24.05 > 24)"}}
{"time": "2026-01-27 16:02:00", "tower_id": "tower_2", "topic": "garden/tower_2/cmd/cooling_fan", "event_type": "ACTION", "details": {"device": "cooling_fan", "action": "ON"}}
{"time": "2026-01-27 16:02:02", "tower_id": "tower_1", "topic": "garden/tower_1/cmd/nutrient_pump", "event_type": "ACTION", "details": {"device": "nutrient_pump", "action": "OFF"}}
{"time": "2026-01-27 16:02:04", "tower_id": "tower_1", "topic": "garden/tower_1/cmd/nutrient_pump", "event_type": "ACTION", "details": {"device": "nutrient_pump", "action": "OFF"}}
{"time": "2026-01-27 16:02:06", "tower_id": "tower_1", "topic": "garden/tower_1/cmd/nutrient_pump", "event_type": "ACTION", "details": {"device": "nutrient_pump", "action": "OFF"}}
{"time": "2026-01-27 16:02:08", "tower_id": "tower_1", "topic": "garden/tower_1/alerts", "event_type": "ALERT", "details": {"level": "WARNING", "message": "⚠️ tower_1 (lettuce): EC High (1.69 > 1.2)"}}
{"time": "2026-01-27 16:02:08", "tower_id": "tower_1", "topic": "garden/tower_1/cmd/nutrient_pump", "event_type": "ACTION", "details": {"device": "nutrient_pump", "action": "OFF"}}
{"time": "2026-01-27 16:02:10", "tower_id": "tower_1", "topic": "garden/tower_1/cmd/nutrient_pump", "event_type": "ACTION", "details": {"device": "nutrient_pump", "action": "OFF"}}
{"time": "2026-01-27 16:02:12", "tower_id": "tower_1", "topic": "garden/tower_1/cmd/nutrient_pump", "event_type": "ACTION", "details": {"device": "nutrient_pump", "action": "OFF"}}
{"time": "2026-01-27 16:02:12", "tower_id": "tower_1", "topic": "garden/tower_1/cmd/cooling_fan", "event_type": "ACTION", "details": {"device": "cooling_fan", "action": "OFF"}}
{"time": "2026-01-27 16:02:12", "tower_id": "tower_2", "topic": "garden/tower_2/cmd/cooling_fan", "event_type": "ACTION", "details": {"device": "cooling_fan", "action": "OFF"}}
{"time": "2026-01-27 16:02:14", "tower_id": "tower_1", "topic": "garden/tower_1/cmd/nutrient_pump", "event_type": "ACTION", "details": {"device": "nutrient_pump", "action": "OFF"}}
{"time": "2026-01-27 16:02:16", "tower_id": "tower_1", "topic": "garden/tower_1/cmd/nutrient_pump", "event_type": "ACTION", "details": {"device": "nutrient_pump", "action": "OFF"}}
{"time": "2026-01-27 16:02:18", "tower_id": "tower_1", "topic": "garden/tower_1/cmd/nutrient_pump", "event_type": "ACTION", "details": {"device": "nutrient_pump", "action": "OFF"}}
{"time": "2026-01-27 16:02:20", "tower_id": "tower_1", "topic": "garden/tower_1/cmd/nutrient_pump", "event_type": "ACTION", "details": {"device": "nutrient_pump", "action": "OFF"}}
{"time": "2026-01-27 16:02:22", "tower_id": "tower_1", "topic": "garden/tower_1/cmd/nutrient_pump", "event_type": "ACTION", "details": {"device": "nutrient_pump", "action": "OFF"}}
{"time": "2026-01-27 16:02:24", "tower_id": "tower_1", "topic": "garden/tower_1/cmd/nutrient_pump", "event_type": "ACTION", "details": {"device": "nutrient_pump", "action": "OFF"}}
{"time": "2026-01-27 16:02:26", "tower_id": "tower_1", "topic": "garden/tower_1/cmd/nutrient_pump", "event_type": "ACTION", "details": {"device": "nutrient_pump", "action": "OFF"}}
{"time": "2026-01-27 16:02:28", "tower_id": "tower_1", "topic": "garden/tower_1/cmd/nutrient_pump", "event_type": "ACTION", "details": {"device": "nutrient_pump", "action": "OFF"}}
{"time": "2026-01-27 16:02:30", "tower_id": "tower_1", "topic": "garden/tower_1/cmd/nutrient_pump", "event_type": "ACTION", "details": {"device": "nutrient_pump", "action": "OFF"}}
{"time": "2026-01-27 16:02:32", "tower_id": "tower_1", "topic": "garden/tower_1/cmd/nutrient_pump", "event_type": "ACTION", "details": {"device": "nutrient_pump", "action": "OFF"}}
{"time": "2026-01-27 16:02:34", "tower_id": "tower_1", "topic": "garden/tower_1/cmd/nutrient_pump", "event_type": "ACTION", "details": {"device": "nutrient_pump", "action": "OFF"}}
{"time": "2026-01-27 16:02:36", "tower_id": "tower_1", "topic": "garden/tower_1/cmd/nutrient_pump", "event_type": "ACTION", "details": {"device": "nutrient_pump", "action": "OFF"}}
{"time": "2026-01-27 16:02:38", "tower_id": "tower_1", "topic": "garden/tower_1/alerts", "event_type": "ALERT", "details": {"level": "WARNING", "message": "⚠️ tower_1 (lettuce): EC High (1.61 > 1.2)"}}
{"time": "2026-01-27 16:02:38", "tower_id": "tower_1", "topic": "garden/tower_1/cmd/nutrient_pump", "event_type": "ACTION", "details": {"device": "nutrient_pump", "action": "OFF"}}
{"time": "2026-01-27 16:02:40", "tower_id": "tower_1", "topic": "garden/tower_1/cmd/nutrient_pump", "event_type": "ACTION", "details": {"device": "nutrient_pump", "action": "OFF"}}
{"time": "2026-01-27 16:02:42", "tower_id": "tower_1", "topic": "garden/tower_1/cmd/nutrient_pump", "event_type": "ACTION", "details": {"device": "nutrient_pump", "action": "OFF"}}
{"time": "2026-01-27 16:02:44", "tower_id": "tower_1", "topic": "garden/tower_1/cmd/nutrient_pump", "event_type": "ACTION", "details": {"device": "nutrient_pump", "action": "OFF"}}
{"time": "2026-01-27 16:02:46", "tower_id": "tower_1", "topic": "garden/tower_1/cmd/nutrient_pump", "event_type": "ACTION", "details": {"device": "nutrient_pump", "action": "OFF"}}
{"time": "2026-01-27 16:02:48", "tower_id": "tower_1", "topic": "garden/tower_1/cmd/nutrient_pump", "event_type": "ACTION", "details": {"device": "nutrient_pump", "action": "OFF"}}
{"time": "2026-01-27 16:02:50", "tower_id": "tower_1", "topic": "garden/tower_1/cmd/nutrient_pump", "event_type": "ACTION", "details": {"device": "nutrient_pump", "action": "OFF"}}
{"time": "2026-01-27 16:02:50", "tower_id": "tower_2", "topic": "garden/tower_2/alerts", "event_type": "ALERT", "details": {"level": "WARNING", "message": "⚠️ tower_2 (spinach): EC Low (1.79 < 1.8)"}}
{"time": "2026-01-27 16:02:50", "tower_id": "tower_2", "topic": "garden/tower_2/cmd/nutrient_pump", "event_type": "ACTION", "details": {"device": "nutrient_pump", "action": "ON"}}
{"time": "2026-01-27 16:02:52", "tower_id": "tower_1", "topic": "garden/tower_1/cmd/nutrient_pump", "event_type": "ACTION", "details": {"device": "nutrient_pump", "action": "OFF"}}
{"time": "2026-01-27 16:02:54", "tower_id": "tower_1", "topic": "garden/tower_1/cmd/nutrient_pump", "event_type": "ACTION", "details": {"device": "nutrient_pump", "action": "OFF"}}
{"time": "2026-01-27 16:02:55", "tower_id": "tower_2", "topic": "garden/tower_2/cmd/nutrient_pump", "event_type": "ACTION", "details": {"device": "nutrient_pump", "action": "OFF"}}
{"time": "2026-01-27 16:02:56", "tower_id": "tower_1", "topic": "garden/tower_1/cmd/nutrient_pump", "event_type": "ACTION", "details": {"device": "nutrient_pump", "action": "OFF"}}
{"time": "2026-01-27 16:02:58", "tower_id": "tower_1", "topic": "garden/tower_1/cmd/nutrient_pump", "event_type": "ACTION", "details": {"device": "nutrient_pump", "action": "OFF"}}
{"time": "2026-01-27 16:03:00", "tower_id": "tower_1", "topic": "garden/tower_1/cmd/nutrient_pump", "event_type": "ACTION", "details": {"device": "nutrient_pump", "action": "OFF"}}
{"time": "2026-01-27 16:03:02", "tower_id": "tower_1", "topic": "garden/tower_1/cmd/nutrient_pump", "event_type": "ACTION", "details": {"device": "nutrient_pump", "action": "OFF"}}
{"time": "2026-01-27 16:03:04", "tower_id": "tower_1", "topic": "garden/tower_1/cmd/nutrient_pump", "event_type": "ACTION", "details": {"device": "nutrient_pump", "action": "OFF"}}
{"time": "2026-01-27 16:03:06", "tower_id": "tower_1", "topic": "garden/tower_1/cmd/nutrient_pump", "event_type": "ACTION", "details": {"device": "nutrient_pump", "action": "OFF"}}
{"time": "2026-01-27 16:03:08", "tower_id": "tower_1", "topic": "garden/tower_1/alerts", "event_type": "ALERT", "details": {"level": "WARNING", "message": "⚠️ tower_1 (lettuce): EC High (1.54 > 1.2)"}}
{"time": "2026-01-27 16:03:08", "tower_id": "tower_1", "topic": "garden/tower_1/cmd/nutrient_pump", "event_type": "ACTION", "details": {"device": "nutrient_pump", "action": "OFF"}}
{"time": "2026-01-27 16:03:10", "tower_id": "tower_1", "topic": "garden/tower_1/cmd/nutrient_pump", "event_type": "ACTION", "details": {"device": "nutrient_pump", "action": "OFF"}}
{"time": "2026-01-27 16:03:12", "tower_id": "tower_1", "topic": "garden/tower_1/cmd/nutrient_pump", "event_type": "ACTION", "details": {"device": "nutrient_pump", "action": "OFF"}}
{"time": "2026-01-27 16:03:14", "tower_id": "tower_1", "topic": "garden/tower_1/cmd/nutrient_pump", "event_type": "ACTION", "details": {"device": "nutrient_pump", "action": "OFF"}}
{"time": "2026-01-27 16:03:16", "tower_id": "tower_1", "topic": "garden/tower_1/cmd/nutrient_pump", "event_type": "ACTION", "details": {"device": "nutrient_pump", "action": "OFF"}}
{"time": "2026-01-27 16:03:18", "tower_id": "tower_1", "topic": "garden/tower_1/cmd/nutrient_pump", "event_type": "ACTION", "details": {"device": "nutrient_pump", "action": "OFF"}}
{"time": "2026-01-27 16:03:20", "tower_id": "tower_1", "topic": "garden/tower_1/cmd/nutrient_pump", "event_type": "ACTION", "details": {"device": "nutrient_pump", "action": "OFF"}}
{"time": "2026-01-27 16:03:22", "tower_id": "tower_1", "topic": "garden/tower_1/cmd/nutrient_pump", "event_type": "ACTION", "details": {"device": "nutrient_pump", "action": "OFF"}}
{"time": "2026-01-27 16:03:24", "tower_id": "tower_1", "topic": "garden/tower_1/cmd/nutrient_pump", "event_type": "ACTION", "details": {"device": "nutrient_pump", "action": "OFF"}}
{"time": "2026-01-27 16:03:26", "tower_id": "tower_1", "topic": "garden/tower_1/cmd/nutrient_pump", "event_type": "ACTION", "details": {"device": "nutrient_pump", "action": "OFF"}}
{"time": "2026-01-27 16:03:28", "tower_id": "tower_1", "topic": "garden/tower_1/cmd/nutrient_pump", "event_type": "ACTION", "details": {"device": "nutrient_pump", "action": "OFF"}}
{"time": "2026-01-27 16:03:30", "tower_id": "tower_1", "topic": "garden/tower_1/cmd/nutrient_pump", "event_type": "ACTION", "details": {"device": "nutrient_pump", "action": "OFF"}}
{"time": "2026-01-27 16:03:32", "tower_id": "tower_1", "topic": "garden/tower_1/alerts", "event_type": "ALERT", "details": {"level": "WARNING", "message": "⚠️ tower_1 (lettuce): PH High (6.01 > 6.0)"}}
{"time": "2026-01-27 16:03:32", "tower_id": "tower_1", "topic": "garden/tower_1/cmd/pump_ph_down", "event_type": "ACTION", "details": {"device": "pump_ph_down", "action": "DOSE"}}
{"time": "2026-01-27 16:03:32", "tower_id": "tower_1", "topic": "garden/tower_1/cmd/nutrient_pump", "event_type": "ACTION", "details": {"device": "nutrient_pump", "action": "OFF"}}
{"time": "2026-01-27 16:03:32", "tower_id": "tower_1", "topic": "garden/tower_1/cmd/pump_ph_up", "event_type": "ACTION", "details": {"device": "pump_ph_up", "action": "OFF"}}
{"time": "2026-01-27 16:03:34", "tower_id": "tower_1", "topic": "garden/tower_1/cmd/pump_ph_up", "event_type": "ACTION", "details": {"device": "pump_ph_up", "action": "OFF"}}
{"time": "2026-01-27 16:03:34", "tower_id": "tower_1", "topic": "garden/tower_1/cmd/nutrient_pump", "event_type": "ACTION", "details": {"device": "nutrient_pump", "action": "OFF"}}
{"time": "2026-01-27 16:03:34", "tower_id": "tower_1", "topic": "garden/tower_1/cmd/pump_ph_down", "event_type": "ACTION", "details": {"device": "pump_ph_down", "action": "OFF"}}
{"time": "2026-01-27 16:03:36", "tower_id": "tower_1", "topic": "garden/tower_1/alerts", "event_type": "ALERT", "details": {"level": "WARNING", "message": "⚠️ tower_1 (lettuce): AIR_TEMPERATURE High (28.05 > 28)"}}
{"time": "2026-01-27 16:03:36", "tower_id": "tower_1", "topic": "garden/tower_1/cmd/nutrient_pump", "event_type": "ACTION", "details": {"device": "nutrient_pump", "action": "OFF"}}
{"time": "2026-01-27 16:03:36", "tower_id": "tower_1", "topic": "garden/tower_1/cmd/cooling_fan", "event_type": "ACTION", "details": {"device": "cooling_fan", "action": "ON"}}
{"time": "2026-01-27 16:03:37", "tower_id": "tower_2", "topic": "garden/tower_2/alerts", "event_type": "ALERT", "details": {"level": "WARNING", "message": "⚠️ tower_2 (spinach): AIR_TEMPERATURE High (24.05 > 24)"}}
{"time": "2026-01-27 16:03:37", "tower_id": "tower_2", "topic": "garden/tower_2/cmd/cooling_fan", "event_type": "ACTION", "details": {"device": "cooling_fan", "action": "ON"}}
{"time": "2026-01-27 16:03:38", "tower_id": "tower_1", "topic": "garden/tower_1/alerts", "event_type": "ALERT", "details": {"level": "WARNING", "message": "⚠️ tower_1 (lettuce): EC High (1.46 > 1.2)"}}
{"time": "2026-01-27 16:03:38", "tower_id": "tower_1", "topic": "garden/tower_1/cmd/nutrient_pump", "event_type": "ACTION", "details": {"device": "nutrient_pump", "action": "OFF"}}
{"time": "2026-01-27 16:03:40", "tower_id": "tower_1", "topic": "garden/tower_1/cmd/nutrient_pump", "event_type": "ACTION", "details": {"device": "nutrient_pump", "action": "OFF"}}
{"time": "2026-01-27 16:03:42", "tower_id": "tower_1", "topic": "garden/tower_1/cmd/nutrient_pump", "event_type": "ACTION", "details": {"device": "nutrient_pump", "action": "OFF"}}
{"time": "2026-01-27 16:03:44", "tower_id": "tower_1", "topic": "garden/tower_1/cmd/nutrient_pump", "event_type": "ACTION", "details": {"device": "nutrient_pump", "action": "OFF"}}
{"time": "2026-01-27 16:03:46", "tower_id": "tower_1", "topic": "garden/tower_1/cmd/nutrient_pump", "event_type": "ACTION", "details": {"device": "nutrient_pump", "action": "OFF"}}
{"time": "2026-01-27 16:03:48", "tower_id": "tower_1", "topic": "garden/tower_1/cmd/nutrient_pump", "event_type": "ACTION", "details": {"device": "nutrient_pump", "action": "OFF"}}
{"time": "2026-01-27 16:03:48", "tower_id": "tower_1", "topic": "garden/tower_1/cmd/cooling_fan", "event_type": "ACTION", "details": {"device": "cooling_fan", "action": "OFF"}}
{"time": "2026-01-27 16:03:49", "tower_id": "tower_2", "topic": "garden/tower_2/cmd/cooling_fan", "event_type": "ACTION", "details": {"device": "cooling_fan", "action": "OFF"}}
{"time": "2026-01-27 16:03:50", "tower_id": "tower_1", "topic": "garden/tower_1/cmd/nutrient_pump", "event_type": "ACTION", "details": {"device": "nutrient_pump", "action": "OFF"}}
{"time": "2026-01-27 16:03:52", "tower_id": "tower_1", "topic": "garden/tower_1/cmd/nutrient_pump", "event_type": "ACTION", "details": {"device": "nutrient_pump", "action": "OFF"}}
{"time": "2026-01-27 16:03:54", "tower_id": "tower_1", "topic": "garden/tower_1/cmd/nutrient_pump", "event_type": "ACTION", "details": {"device": "nutrient_pump", "action": "OFF"}}
{"time": "2026-01-27 16:17:21", "tower_id": "tower_1", "topic": "garden/tower_1/alerts", "event_type": "ALERT", "details": {"level": "WARNING", "message": "⚠️ tower_1 (lettuce): PH High (6.6 > 6.0)"}}
{"time": "2026-01-27 16:17:21", "tower_id": "tower_1", "topic": "garden/tower_1/alerts", "event_type": "ALERT", "details": {"level": "WARNING", "message": "⚠️ tower_1 (lettuce): EC High (2.42 > 1.2)"}}
{"time": "2026-01-27 16:17:21", "tower_id": "tower_1", "topic": "garden/tower_1/alerts", "event_type": "ALERT", "details": {"level": "WARNING", "message": "⚠️ tower_1 (lettuce): AIR_TEMPERATURE High (33.75 > 28)"}}
{"time": "2026-01-27 16:17:21", "tower_id": "tower_1", "topic": "garden/tower_1/cmd/pump_ph_down", "event_type": "ACTION", "details": {"device": "pump_ph_down", "action": "DOSE"}}
{"time": "2026-01-27 16:17:21", "tower_id": "tower_1", "topic": "garden/tower_1/cmd/pump_ph_up", "event_type": "ACTION", "details": {"device": "pump_ph_up", "action": "OFF"}}
{"time": "2026-01-27 16:17:21", "tower_id": "tower_1", "topic": "garden/tower_1/cmd/grow_light", "event_type": "ACTION", "details": {"device": "grow_light", "action": "ON"}}
{"time": "2026-01-27 16:17:21", "tower_id": "tower_1", "topic": "garden/tower_1/cmd/nutrient_pump", "event_type": "ACTION", "details": {"device": "nutrient_pump", "action": "OFF"}}
{"time": "2026-01-27 16:17:21", "tower_id": "tower_1", "topic": "garden/tower_1/cmd/cooling_fan", "event_type": "ACTION", "details": {"device": "cooling_fan", "action": "ON"}}
{"time": "2026-01-27 16:17:21", "tower_id": "tower_1", "topic": "garden/tower_1/alerts", "event_type": "ALERT", "details": {"level": "CRITICAL", "message": "Critical Temp: 33.75°C (Max: 28)"}}
{"time": "2026-01-27 16:17:22", "tower_id": "tower_2", "topic": "garden/tower_2/alerts", "event_type": "ALERT", "details": {"level": "WARNING", "message": "⚠️ tower_2 (spinach): PH Low (5.87 < 6.0)"}}
{"time": "2026-01-27 16:17:22", "tower_id": "tower_2", "topic": "garden/tower_2/alerts", "event_type": "ALERT", "details": {"level": "WARNING", "message": "⚠️ tower_2 (spinach): EC Low (0.93 < 1.8)"}}
{"time": "2026-01-27 16:17:22", "tower_id": "tower_2", "topic": "garden/tower_2/cmd/pump_ph_up", "event_type": "ACTION", "details": {"device": "pump_ph_up", "action": "DOSE"}}
{"time": "2026-01-27 16:17:22", "tower_id": "tower_2", "topic": "garden/tower_2/cmd/nutrient_pump", "event_type": "ACTION", "details": {"device": "nutrient_pump", "action": "ON"}}
{"time": "2026-01-27 16:17:22", "tower_id": "tower_2", "topic": "garden/tower_2/cmd/pump_ph_down", "event_type": "ACTION", "details": {"device": "pump_ph_down", "action": "OFF"}}
{"time": "2026-01-27 16:17:22", "tower_id": "tower_2", "topic": "garden/tower_2/cmd/grow_light", "event_type": "ACTION", "details": {"device": "grow_light", "action": "ON"}}
{"time": "2026-01-27 16:17:23", "tower_id": "tower_1", "topic": "garden/tower_1/cmd/nutrient_pump", "event_type": "ACTION", "details": {"device": "nutrient_pump", "action": "OFF"}}
{"time": "2026-01-27 16:17:25", "tower_id": "tower_1", "topic": "garden/tower_1/cmd/nutrient_pump", "event_type": "ACTION", "details": {"device": "nutrient_pump", "action": "OFF"}}
{"time": "2026-01-27 16:17:26", "tower_id": "tower_2", "topic": "garden/tower_2/cmd/pump_ph_up", "event_type": "ACTION", "details": {"device": "pump_ph_up", "action": "OFF"}}
{"time": "2026-01-27 16:17:26", "tower_id": "tower_2", "topic": "garden/tower_2/cmd/pump_ph_down", "event_type": "ACTION", "details": {"device": "pump_ph_down", "action": "OFF"}}
{"time": "2026-01-27 16:17:27", "tower_id": "tower_1", "topic": "garden/tower_1/cmd/nutrient_pump", "event_type": "ACTION", "details": {"device": "nutrient_pump", "action": "OFF"}}
{"time": "2026-01-27 16:17:27", "tower_id": "tower_1", "topic": "garden/tower_1/cmd/pump_ph_down", "event_type": "ACTION", "details": {"device": "pump_ph_down", "action": "DOSE"}}
{"time": "2026-01-27 16:17:27", "tower_id": "tower_1", "topic": "garden/tower_1/cmd/pump_ph_up", "event_type": "ACTION", "details": {"device": "pump_ph_up", "action": "OFF"}}
{"time": "2026-01-27 16:17:29", "tower_id": "tower_1", "topic": "garden/tower_1/cmd/nutrient_pump", "event_type": "ACTION", "details": {"device": "nutrient_pump", "action": "OFF"}}
{"time": "2026-01-27 16:17:31", "tower_id": "tower_1", "topic": "garden/tower_1/cmd/nutrient_pump", "event_type": "ACTION", "details": {"device": "nutrient_pump", "action": "OFF"}}
{"time": "2026-01-27 16:17:33", "tower_id": "tower_1", "topic": "garden/tower_1/cmd/pump_ph_down", "event_type": "ACTION", "details": {"device": "pump_ph_down", "action": "DOSE"}}
{"time": "2026-01-27 16:17:33", "tower_id": "tower_1", "topic": "garden/tower_1/cmd/nutrient_pump", "event_type": "ACTION", "details": {"device": "nutrient_pump", "action": "OFF"}}
{"time": "2026-01-27 16:17:33", "tower_id": "tower_1", "topic": "garden/tower_1/cmd/pump_ph_up", "event_type": "ACTION", "details": {"device": "pump_ph_up", "action": "OFF"}}
{"time": "2026-01-27 16:17:35", "tower_id": "tower_1", "topic": "garden/tower_1/cmd/pump_ph_up", "event_type": "ACTION", "details": {"device": "pump_ph_up", "action": "OFF"}}
{"time": "2026-01-27 16:17:35", "tower_id": "tower_1", "topic": "garden/tower_1/cmd/nutrient_pump", "event_type": "ACTION", "details": {"device": "nutrient_pump", "action": "OFF"}}
{"time": "2026-01-27 16:17:35", "tower_id": "tower_1", "topic": "garden/tower_1/cmd/pump_ph_down", "event_type": "ACTION", "details": {"device": "pump_ph_down", "action": "OFF"}}
{"time": "2026-01-27 16:17:37", "tower_id": "tower_1", "topic": "garden/tower_1/cmd/nutrient_pump", "event_type": "ACTION", "details": {"device": "nutrient_pump", "action": "OFF"}}
{"time": "2026-01-27 16:17:38", "tower_id": "tower_2", "topic": "garden/tower_2/cmd/nutrient_pump", "event_type": "ACTION", "details": {"device": "nutrient_pump", "action": "OFF"}}
{"time": "2026-01-27 16:17:39", "tower_id": "tower_1", "topic": "garden/tower_1/cmd/nutrient_pump", "event_type": "ACTION", "details": {"device": "nutrient_pump", "action": "OFF"}}
{"time": "2026-01-27 16:17:41", "tower_id": "tower_1", "topic": "garden/tower_1/cmd/nutrient_pump", "event_type": "ACTION", "details": {"device": "nutrient_pump", "action": "OFF"}}
{"time": "2026-01-27 16:17:43", "tower_id": "tower_1", "topic": "garden/tower_1/cmd/nutrient_pump", "event_type": "ACTION", "details": {"device": "nutrient_pump", "action": "OFF"}}
{"time": "2026-01-27 16:17:45", "tower_id": "tower_1", "topic": "garden/tower_1/cmd/nutrient_pump", "event_type": "ACTION", "details": {"device": "nutrient_pump", "action": "OFF"}}
{"time": "2026-01-27 16:17:47", "tower_id": "tower_1", "topic": "garden/tower_1/cmd/nutrient_pump", "event_type": "ACTION", "details": {"device": "nutrient_pump", "action": "OFF"}}
{"time": "2026-01-27 16:17:50", "tower_id": "tower_1", "topic": "garden/tower_1/cmd/nutrient_pump", "event_type": "ACTION", "details": {"device": "nutrient_pump", "action": "OFF"}}
{"time": "2026-01-27 16:17:52", "tower_id": "tower_1", "topic": "garden/tower_1/alerts", "event_type": "ALERT", "details": {"level": "WARNING", "message": "⚠️ tower_1 (lettuce): EC High (2.34 > 1.2)"}}
{"time": "2026-01-27 16:17:52", "tower_id": "tower_1", "topic": "garden/tower_1/cmd/nutrient_pump", "event_type": "ACTION", "details": {"device": "nutrient_pump", "action": "OFF"}}
{"time": "2026-01-27 16:17:52", "tower_id": "tower_1", "topic": "garden/tower_1/alerts", "event_type": "ALERT", "details": {"level": "WARNING", "message": "⚠️ tower_1 (lettuce): AIR_TEMPERATURE High (28.5 > 28)"}}
{"time": "2026-01-27 16:17:54", "tower_id": "tower_1", "topic": "garden/tower_1/cmd/nutrient_pump", "event_type": "ACTION", "details": {"device": "nutrient_pump", "action": "OFF"}}
{"time": "2026-01-27 16:17:56", "tower_id": "tower_1", "topic": "garden/tower_1/cmd/nutrient_pump", "event_type": "ACTION", "details": {"device": "nutrient_pump", "action": "OFF"}}
{"time": "2026-01-27 16:17:58", "tower_id": "tower_1", "topic": "garden/tower_1/cmd/nutrient_pump", "event_type": "ACTION", "details": {"device": "nutrient_pump", "action": "OFF"}}
{"time": "2026-01-27 16:18:00", "tower_id": "tower_1", "topic": "garden/tower_1/cmd/nutrient_pump", "event_type": "ACTION", "details": {"device": "nutrient_pump", "action": "OFF"}}
{"time": "2026-01-27 16:18:02", "tower_id": "tower_1", "topic": "garden/tower_1/cmd/nutrient_pump", "event_type": "ACTION", "details": {"device": "nutrient_pump", "action": "OFF"}}
{"time": "2026-01-27 16:18:04", "tower_id": "tower_1", "topic": "garden/tower_1/cmd/nutrient_pump", "event_type": "ACTION", "details": {"device": "nutrient_pump", "action": "OFF"}}
{"time": "2026-01-27 16:18:06", "tower_id": "tower_1", "topic": "garden/tower_1/cmd/nutrient_pump", "event_type": "ACTION", "details": {"device": "nutrient_pump", "action": "OFF"}}
{"time": "2026-01-27 16:18:08", "tower_id": "tower_1", "topic": "garden/tower_1/cmd/nutrient_pump", "event_type": "ACTION", "details": {"device": "nutrient_pump", "action": "OFF"}}
{"time": "2026-01-27 16:18:08", "tower_id": "tower_1", "topic": "garden/tower_1/cmd/cooling_fan", "event_type": "ACTION", "details": {"device": "cooling_fan", "action": "OFF"}}
{"time": "2026-01-27 16:18:10", "tower_id": "tower_1", "topic": "garden/tower_1/cmd/nutrient_pump", "event_type": "ACTION", "details": {"device": "nutrient_pump", "action": "OFF"}}
{"time": "2026-01-27 16:18:12", "tower_id": "tower_1", "topic": "garden/tower_1/cmd/nutrient_pump", "event_type": "ACTION", "details": {"device": "nutrient_pump", "action": "OFF"}}
{"time": "2026-01-27 16:18:14", "tower_id": "tower_1", "topic": "garden/tower_1/cmd/nutrient_pump", "event_type": "ACTION", "details": {"device": "nutrient_pump", "action": "OFF"}}
{"time": "2026-01-27 16:18:16", "tower_id": "tower_1", "topic": "garden/tower_1/cmd/nutrient_pump", "event_type": "ACTION", "details": {"device": "nutrient_pump", "action": "OFF"}}
{"time": "2026-01-27 16:18:18", "tower_id": "tower_1", "topic": "garden/tower_1/cmd/nutrient_pump", "event_type": "ACTION", "details": {"device": "nutrient_pump", "action": "OFF"}}
